<?xml version="1.0" encoding="UTF-8"?>
<coverage generated="1699873971632" clover="3.2.0">
  <project timestamp="1699873971632" name="All files">
    <metrics statements="77" coveredstatements="74" conditionals="37" coveredconditionals="34" methods="25" coveredmethods="25" elements="139" coveredelements="133" complexity="0" loc="77" ncloc="77" packages="3" files="9" classes="9"/>
    <package name="__fixtures__">
      <metrics statements="3" coveredstatements="3" conditionals="0" coveredconditionals="0" methods="0" coveredmethods="0"/>
      <file name="result.js" path="/mnt/c/Users/pv487/frontend-project-46/__fixtures__/result.js">
        <metrics statements="1" coveredstatements="1" conditionals="0" coveredconditionals="0" methods="0" coveredmethods="0"/>
        <line num="1" count="1" type="stmt"/>
      </file>
      <file name="resultJSON.js" path="/mnt/c/Users/pv487/frontend-project-46/__fixtures__/resultJSON.js">
        <metrics statements="1" coveredstatements="1" conditionals="0" coveredconditionals="0" methods="0" coveredmethods="0"/>
        <line num="1" count="1" type="stmt"/>
      </file>
      <file name="resultPlain.js" path="/mnt/c/Users/pv487/frontend-project-46/__fixtures__/resultPlain.js">
        <metrics statements="1" coveredstatements="1" conditionals="0" coveredconditionals="0" methods="0" coveredmethods="0"/>
        <line num="1" count="1" type="stmt"/>
      </file>
    </package>
    <package name="src">
      <metrics statements="27" coveredstatements="27" conditionals="11" coveredconditionals="11" methods="8" coveredmethods="8"/>
      <file name="buildTree.js" path="/mnt/c/Users/pv487/frontend-project-46/src/buildTree.js">
        <metrics statements="16" coveredstatements="16" conditionals="10" coveredconditionals="10" methods="3" coveredmethods="3"/>
        <line num="3" count="1" type="stmt"/>
        <line num="4" count="40" type="stmt"/>
        <line num="5" count="40" type="stmt"/>
        <line num="6" count="40" type="stmt"/>
        <line num="8" count="40" type="stmt"/>
        <line num="9" count="144" type="cond" truecount="2" falsecount="0"/>
        <line num="10" count="40" type="stmt"/>
        <line num="16" count="104" type="cond" truecount="2" falsecount="0"/>
        <line num="17" count="16" type="stmt"/>
        <line num="23" count="88" type="cond" truecount="4" falsecount="0"/>
        <line num="24" count="32" type="stmt"/>
        <line num="30" count="56" type="cond" truecount="2" falsecount="0"/>
        <line num="31" count="24" type="stmt"/>
        <line num="37" count="32" type="stmt"/>
        <line num="44" count="40" type="stmt"/>
        <line num="47" count="8" type="stmt"/>
      </file>
      <file name="index.js" path="/mnt/c/Users/pv487/frontend-project-46/src/index.js">
        <metrics statements="9" coveredstatements="9" conditionals="1" coveredconditionals="1" methods="4" coveredmethods="4"/>
        <line num="7" count="16" type="stmt"/>
        <line num="9" count="16" type="stmt"/>
        <line num="11" count="16" type="stmt"/>
        <line num="13" count="1" type="cond" truecount="1" falsecount="0"/>
        <line num="14" count="8" type="stmt"/>
        <line num="15" count="8" type="stmt"/>
        <line num="17" count="8" type="stmt"/>
        <line num="18" count="8" type="stmt"/>
        <line num="20" count="8" type="stmt"/>
      </file>
      <file name="parsers.js" path="/mnt/c/Users/pv487/frontend-project-46/src/parsers.js">
        <metrics statements="2" coveredstatements="2" conditionals="0" coveredconditionals="0" methods="1" coveredmethods="1"/>
        <line num="3" count="1" type="stmt"/>
        <line num="9" count="16" type="stmt"/>
      </file>
    </package>
    <package name="src.formaters">
      <metrics statements="47" coveredstatements="44" conditionals="26" coveredconditionals="23" methods="17" coveredmethods="17"/>
      <file name="index.js" path="/mnt/c/Users/pv487/frontend-project-46/src/formaters/index.js">
        <metrics statements="5" coveredstatements="4" conditionals="4" coveredconditionals="3" methods="1" coveredmethods="1"/>
        <line num="5" count="8" type="cond" truecount="3" falsecount="1"/>
        <line num="7" count="4" type="stmt"/>
        <line num="9" count="2" type="stmt"/>
        <line num="11" count="2" type="stmt"/>
        <line num="13" count="0" type="stmt"/>
      </file>
      <file name="plain.js" path="/mnt/c/Users/pv487/frontend-project-46/src/formaters/plain.js">
        <metrics statements="18" coveredstatements="17" conditionals="11" coveredconditionals="10" methods="7" coveredmethods="7"/>
        <line num="3" count="36" type="stmt"/>
        <line num="5" count="1" type="stmt"/>
        <line num="6" count="26" type="cond" truecount="3" falsecount="0"/>
        <line num="8" count="8" type="cond" truecount="2" falsecount="0"/>
        <line num="11" count="14" type="stmt"/>
        <line num="14" count="4" type="stmt"/>
        <line num="20" count="10" type="stmt"/>
        <line num="21" count="36" type="stmt"/>
        <line num="22" count="36" type="cond" truecount="5" falsecount="1"/>
        <line num="24" count="8" type="stmt"/>
        <line num="27" count="10" type="stmt"/>
        <line num="30" count="4" type="stmt"/>
        <line num="33" count="8" type="stmt"/>
        <line num="36" count="6" type="stmt"/>
        <line num="39" count="0" type="stmt"/>
        <line num="43" count="2" type="stmt"/>
        <line num="47" count="2" type="stmt"/>
        <line num="48" count="28" type="stmt"/>
      </file>
      <file name="stylish.js" path="/mnt/c/Users/pv487/frontend-project-46/src/formaters/stylish.js">
        <metrics statements="24" coveredstatements="23" conditionals="11" coveredconditionals="10" methods="9" coveredmethods="9"/>
        <line num="3" count="1" type="stmt"/>
        <line num="4" count="1" type="stmt"/>
        <line num="5" count="124" type="stmt"/>
        <line num="6" count="48" type="stmt"/>
        <line num="8" count="48" type="stmt"/>
        <line num="14" count="1" type="stmt"/>
        <line num="15" count="108" type="cond" truecount="4" falsecount="0"/>
        <line num="16" count="80" type="stmt"/>
        <line num="18" count="28" type="stmt"/>
        <line num="19" count="36" type="stmt"/>
        <line num="20" count="28" type="stmt"/>
        <line num="23" count="1" type="stmt"/>
        <line num="24" count="4" type="stmt"/>
        <line num="25" count="76" type="cond" truecount="6" falsecount="1"/>
        <line num="27" count="16" type="stmt"/>
        <line num="28" count="4" type="stmt"/>
        <line num="31" count="56" type="stmt"/>
        <line num="32" count="16" type="stmt"/>
        <line num="35" count="20" type="stmt"/>
        <line num="38" count="8" type="stmt"/>
        <line num="41" count="16" type="stmt"/>
        <line num="45" count="12" type="stmt"/>
        <line num="48" count="0" type="stmt"/>
        <line num="52" count="4" type="stmt"/>
      </file>
    </package>
  </project>
</coverage>
