{"/mnt/c/Users/pv487/frontend-project-46/__fixtures__/result.js": {"path":"/mnt/c/Users/pv487/frontend-project-46/__fixtures__/result.js","statementMap":{"0":{"start":{"line":1,"column":15},"end":{"line":44,"column":2}}},"fnMap":{},"branchMap":{},"s":{"0":1},"f":{},"b":{},"_coverageSchema":"1a1c01bbd47fc00a2c39e90264f33305004495a9","hash":"74cc6ced72e9c45dbf62d6fed59aee690f69a796"}
,"/mnt/c/Users/pv487/frontend-project-46/__fixtures__/resultJSON.js": {"path":"/mnt/c/Users/pv487/frontend-project-46/__fixtures__/resultJSON.js","statementMap":{"0":{"start":{"line":1,"column":15},"end":{"line":1,"column":1065}}},"fnMap":{},"branchMap":{},"s":{"0":1},"f":{},"b":{},"_coverageSchema":"1a1c01bbd47fc00a2c39e90264f33305004495a9","hash":"7023138b818d494f8f78a6db1ef7c57963968672"}
,"/mnt/c/Users/pv487/frontend-project-46/__fixtures__/resultPlain.js": {"path":"/mnt/c/Users/pv487/frontend-project-46/__fixtures__/resultPlain.js","statementMap":{"0":{"start":{"line":1,"column":15},"end":{"line":11,"column":56}}},"fnMap":{},"branchMap":{},"s":{"0":1},"f":{},"b":{},"_coverageSchema":"1a1c01bbd47fc00a2c39e90264f33305004495a9","hash":"85b6ff061e6c617412655bc430b41bd07b13fd92"}
,"/mnt/c/Users/pv487/frontend-project-46/src/buildTree.js": {"path":"/mnt/c/Users/pv487/frontend-project-46/src/buildTree.js","statementMap":{"0":{"start":{"line":3,"column":18},"end":{"line":45,"column":1}},"1":{"start":{"line":4,"column":20},"end":{"line":4,"column":33}},"2":{"start":{"line":5,"column":20},"end":{"line":5,"column":33}},"3":{"start":{"line":6,"column":21},"end":{"line":6,"column":60}},"4":{"start":{"line":8,"column":17},"end":{"line":43,"column":4}},"5":{"start":{"line":9,"column":4},"end":{"line":15,"column":5}},"6":{"start":{"line":10,"column":6},"end":{"line":14,"column":8}},"7":{"start":{"line":16,"column":4},"end":{"line":22,"column":5}},"8":{"start":{"line":17,"column":6},"end":{"line":21,"column":8}},"9":{"start":{"line":23,"column":4},"end":{"line":29,"column":5}},"10":{"start":{"line":24,"column":6},"end":{"line":28,"column":8}},"11":{"start":{"line":30,"column":4},"end":{"line":36,"column":5}},"12":{"start":{"line":31,"column":6},"end":{"line":35,"column":8}},"13":{"start":{"line":37,"column":4},"end":{"line":42,"column":6}},"14":{"start":{"line":44,"column":2},"end":{"line":44,"column":16}},"15":{"start":{"line":47,"column":26},"end":{"line":50,"column":2}},"16":{"start":{"line":47,"column":45},"end":{"line":50,"column":1}}},"fnMap":{"0":{"name":"(anonymous_0)","decl":{"start":{"line":3,"column":18},"end":{"line":3,"column":19}},"loc":{"start":{"line":3,"column":36},"end":{"line":45,"column":1}},"line":3},"1":{"name":"(anonymous_1)","decl":{"start":{"line":8,"column":32},"end":{"line":8,"column":33}},"loc":{"start":{"line":8,"column":41},"end":{"line":43,"column":3}},"line":8},"2":{"name":"(anonymous_2)","decl":{"start":{"line":47,"column":26},"end":{"line":47,"column":27}},"loc":{"start":{"line":47,"column":45},"end":{"line":50,"column":1}},"line":47}},"branchMap":{"0":{"loc":{"start":{"line":9,"column":4},"end":{"line":15,"column":5}},"type":"if","locations":[{"start":{"line":9,"column":4},"end":{"line":15,"column":5}},{"start":{},"end":{}}],"line":9},"1":{"loc":{"start":{"line":16,"column":4},"end":{"line":22,"column":5}},"type":"if","locations":[{"start":{"line":16,"column":4},"end":{"line":22,"column":5}},{"start":{},"end":{}}],"line":16},"2":{"loc":{"start":{"line":23,"column":4},"end":{"line":29,"column":5}},"type":"if","locations":[{"start":{"line":23,"column":4},"end":{"line":29,"column":5}},{"start":{},"end":{}}],"line":23},"3":{"loc":{"start":{"line":23,"column":8},"end":{"line":23,"column":66}},"type":"binary-expr","locations":[{"start":{"line":23,"column":8},"end":{"line":23,"column":35}},{"start":{"line":23,"column":39},"end":{"line":23,"column":66}}],"line":23},"4":{"loc":{"start":{"line":30,"column":4},"end":{"line":36,"column":5}},"type":"if","locations":[{"start":{"line":30,"column":4},"end":{"line":36,"column":5}},{"start":{},"end":{}}],"line":30}},"s":{"0":1,"1":40,"2":40,"3":40,"4":40,"5":144,"6":40,"7":104,"8":16,"9":88,"10":32,"11":56,"12":24,"13":32,"14":40,"15":1,"16":8},"f":{"0":40,"1":144,"2":8},"b":{"0":[40,104],"1":[16,88],"2":[32,56],"3":[88,40],"4":[24,32]},"_coverageSchema":"1a1c01bbd47fc00a2c39e90264f33305004495a9","hash":"ecea33c65f3b0a2d234a36cfbb6b7cb966459fca"}
,"/mnt/c/Users/pv487/frontend-project-46/src/index.js": {"path":"/mnt/c/Users/pv487/frontend-project-46/src/index.js","statementMap":{"0":{"start":{"line":7,"column":20},"end":{"line":7,"column":71}},"1":{"start":{"line":7,"column":34},"end":{"line":7,"column":71}},"2":{"start":{"line":9,"column":21},"end":{"line":9,"column":66}},"3":{"start":{"line":9,"column":35},"end":{"line":9,"column":66}},"4":{"start":{"line":11,"column":16},"end":{"line":11,"column":93}},"5":{"start":{"line":11,"column":30},"end":{"line":11,"column":93}},"6":{"start":{"line":13,"column":16},"end":{"line":21,"column":1}},"7":{"start":{"line":14,"column":16},"end":{"line":14,"column":38}},"8":{"start":{"line":15,"column":16},"end":{"line":15,"column":38}},"9":{"start":{"line":17,"column":16},"end":{"line":17,"column":30}},"10":{"start":{"line":18,"column":16},"end":{"line":18,"column":30}},"11":{"start":{"line":20,"column":2},"end":{"line":20,"column":60}}},"fnMap":{"0":{"name":"(anonymous_0)","decl":{"start":{"line":7,"column":20},"end":{"line":7,"column":21}},"loc":{"start":{"line":7,"column":34},"end":{"line":7,"column":71}},"line":7},"1":{"name":"(anonymous_1)","decl":{"start":{"line":9,"column":21},"end":{"line":9,"column":22}},"loc":{"start":{"line":9,"column":35},"end":{"line":9,"column":66}},"line":9},"2":{"name":"(anonymous_2)","decl":{"start":{"line":11,"column":16},"end":{"line":11,"column":17}},"loc":{"start":{"line":11,"column":30},"end":{"line":11,"column":93}},"line":11},"3":{"name":"(anonymous_3)","decl":{"start":{"line":13,"column":16},"end":{"line":13,"column":17}},"loc":{"start":{"line":13,"column":62},"end":{"line":21,"column":1}},"line":13}},"branchMap":{"0":{"loc":{"start":{"line":13,"column":39},"end":{"line":13,"column":57}},"type":"default-arg","locations":[{"start":{"line":13,"column":48},"end":{"line":13,"column":57}}],"line":13}},"s":{"0":1,"1":16,"2":1,"3":16,"4":1,"5":16,"6":1,"7":8,"8":8,"9":8,"10":8,"11":8},"f":{"0":16,"1":16,"2":16,"3":8},"b":{"0":[2]},"_coverageSchema":"1a1c01bbd47fc00a2c39e90264f33305004495a9","hash":"0d2096df29aaf7fdd99569ed8034eb9b910e1aef"}
,"/mnt/c/Users/pv487/frontend-project-46/src/parsers.js": {"path":"/mnt/c/Users/pv487/frontend-project-46/src/parsers.js","statementMap":{"0":{"start":{"line":3,"column":14},"end":{"line":7,"column":1}},"1":{"start":{"line":9,"column":33},"end":{"line":9,"column":52}}},"fnMap":{"0":{"name":"(anonymous_0)","decl":{"start":{"line":9,"column":15},"end":{"line":9,"column":16}},"loc":{"start":{"line":9,"column":33},"end":{"line":9,"column":52}},"line":9}},"branchMap":{},"s":{"0":1,"1":16},"f":{"0":16},"b":{},"_coverageSchema":"1a1c01bbd47fc00a2c39e90264f33305004495a9","hash":"18fe99aa47c59e71feced627f87c031da3ac59d5"}
,"/mnt/c/Users/pv487/frontend-project-46/src/formaters/index.js": {"path":"/mnt/c/Users/pv487/frontend-project-46/src/formaters/index.js","statementMap":{"0":{"start":{"line":5,"column":2},"end":{"line":14,"column":3}},"1":{"start":{"line":7,"column":6},"end":{"line":7,"column":31}},"2":{"start":{"line":9,"column":6},"end":{"line":9,"column":29}},"3":{"start":{"line":11,"column":6},"end":{"line":11,"column":34}},"4":{"start":{"line":13,"column":6},"end":{"line":13,"column":40}}},"fnMap":{"0":{"name":"formatter","decl":{"start":{"line":4,"column":24},"end":{"line":4,"column":33}},"loc":{"start":{"line":4,"column":48},"end":{"line":15,"column":1}},"line":4}},"branchMap":{"0":{"loc":{"start":{"line":5,"column":2},"end":{"line":14,"column":3}},"type":"switch","locations":[{"start":{"line":6,"column":4},"end":{"line":7,"column":31}},{"start":{"line":8,"column":4},"end":{"line":9,"column":29}},{"start":{"line":10,"column":4},"end":{"line":11,"column":34}},{"start":{"line":12,"column":4},"end":{"line":13,"column":40}}],"line":5}},"s":{"0":8,"1":4,"2":2,"3":2,"4":0},"f":{"0":8},"b":{"0":[4,2,2,0]},"_coverageSchema":"1a1c01bbd47fc00a2c39e90264f33305004495a9","hash":"6f4656efc6005c43fc96fb72b080344822e60f23"}
,"/mnt/c/Users/pv487/frontend-project-46/src/formaters/plain.js": {"path":"/mnt/c/Users/pv487/frontend-project-46/src/formaters/plain.js","statementMap":{"0":{"start":{"line":3,"column":16},"end":{"line":3,"column":57}},"1":{"start":{"line":3,"column":31},"end":{"line":3,"column":57}},"2":{"start":{"line":5,"column":26},"end":{"line":17,"column":1}},"3":{"start":{"line":6,"column":2},"end":{"line":16,"column":3}},"4":{"start":{"line":8,"column":6},"end":{"line":8,"column":49}},"5":{"start":{"line":11,"column":6},"end":{"line":11,"column":26}},"6":{"start":{"line":14,"column":6},"end":{"line":14,"column":24}},"7":{"start":{"line":20,"column":15},"end":{"line":42,"column":4}},"8":{"start":{"line":20,"column":31},"end":{"line":42,"column":4}},"9":{"start":{"line":21,"column":24},"end":{"line":21,"column":50}},"10":{"start":{"line":22,"column":4},"end":{"line":41,"column":5}},"11":{"start":{"line":24,"column":8},"end":{"line":24,"column":49}},"12":{"start":{"line":27,"column":8},"end":{"line":27,"column":99}},"13":{"start":{"line":30,"column":8},"end":{"line":30,"column":55}},"14":{"start":{"line":33,"column":8},"end":{"line":33,"column":138}},"15":{"start":{"line":36,"column":8},"end":{"line":36,"column":20}},"16":{"start":{"line":39,"column":8},"end":{"line":39,"column":38}},"17":{"start":{"line":43,"column":2},"end":{"line":43,"column":33}},"18":{"start":{"line":47,"column":17},"end":{"line":47,"column":36}},"19":{"start":{"line":48,"column":2},"end":{"line":48,"column":61}},"20":{"start":{"line":48,"column":46},"end":{"line":48,"column":48}}},"fnMap":{"0":{"name":"(anonymous_0)","decl":{"start":{"line":3,"column":16},"end":{"line":3,"column":17}},"loc":{"start":{"line":3,"column":31},"end":{"line":3,"column":57}},"line":3},"1":{"name":"(anonymous_1)","decl":{"start":{"line":5,"column":26},"end":{"line":5,"column":27}},"loc":{"start":{"line":5,"column":37},"end":{"line":17,"column":1}},"line":5},"2":{"name":"makePlainDiff","decl":{"start":{"line":19,"column":16},"end":{"line":19,"column":29}},"loc":{"start":{"line":19,"column":36},"end":{"line":44,"column":1}},"line":19},"3":{"name":"(anonymous_3)","decl":{"start":{"line":20,"column":15},"end":{"line":20,"column":16}},"loc":{"start":{"line":20,"column":31},"end":{"line":42,"column":4}},"line":20},"4":{"name":"(anonymous_4)","decl":{"start":{"line":20,"column":40},"end":{"line":20,"column":41}},"loc":{"start":{"line":20,"column":51},"end":{"line":42,"column":3}},"line":20},"5":{"name":"makePlain","decl":{"start":{"line":46,"column":24},"end":{"line":46,"column":33}},"loc":{"start":{"line":46,"column":40},"end":{"line":49,"column":1}},"line":46},"6":{"name":"(anonymous_6)","decl":{"start":{"line":48,"column":38},"end":{"line":48,"column":39}},"loc":{"start":{"line":48,"column":46},"end":{"line":48,"column":48}},"line":48}},"branchMap":{"0":{"loc":{"start":{"line":6,"column":2},"end":{"line":16,"column":3}},"type":"switch","locations":[{"start":{"line":7,"column":4},"end":{"line":9,"column":5}},{"start":{"line":10,"column":4},"end":{"line":12,"column":5}},{"start":{"line":13,"column":4},"end":{"line":15,"column":5}}],"line":6},"1":{"loc":{"start":{"line":8,"column":13},"end":{"line":8,"column":48}},"type":"cond-expr","locations":[{"start":{"line":8,"column":22},"end":{"line":8,"column":28}},{"start":{"line":8,"column":31},"end":{"line":8,"column":48}}],"line":8},"2":{"loc":{"start":{"line":22,"column":4},"end":{"line":41,"column":5}},"type":"switch","locations":[{"start":{"line":23,"column":6},"end":{"line":25,"column":7}},{"start":{"line":26,"column":6},"end":{"line":28,"column":7}},{"start":{"line":29,"column":6},"end":{"line":31,"column":7}},{"start":{"line":32,"column":6},"end":{"line":34,"column":7}},{"start":{"line":35,"column":6},"end":{"line":37,"column":7}},{"start":{"line":38,"column":6},"end":{"line":40,"column":7}}],"line":22}},"s":{"0":1,"1":36,"2":1,"3":26,"4":8,"5":14,"6":4,"7":2,"8":10,"9":36,"10":36,"11":8,"12":10,"13":4,"14":8,"15":6,"16":0,"17":2,"18":2,"19":2,"20":28},"f":{"0":36,"1":26,"2":2,"3":10,"4":36,"5":2,"6":28},"b":{"0":[8,14,4],"1":[2,6],"2":[8,10,4,8,6,0]},"_coverageSchema":"1a1c01bbd47fc00a2c39e90264f33305004495a9","hash":"3976cba54080713bbf4b0075f402e22a87c5dd5d"}
,"/mnt/c/Users/pv487/frontend-project-46/src/formaters/stylish.js": {"path":"/mnt/c/Users/pv487/frontend-project-46/src/formaters/stylish.js","statementMap":{"0":{"start":{"line":3,"column":15},"end":{"line":3,"column":18}},"1":{"start":{"line":4,"column":19},"end":{"line":4,"column":20}},"2":{"start":{"line":5,"column":22},"end":{"line":5,"column":70}},"3":{"start":{"line":5,"column":33},"end":{"line":5,"column":70}},"4":{"start":{"line":6,"column":20},"end":{"line":6,"column":77}},"5":{"start":{"line":6,"column":31},"end":{"line":6,"column":77}},"6":{"start":{"line":8,"column":20},"end":{"line":12,"column":12}},"7":{"start":{"line":8,"column":38},"end":{"line":12,"column":12}},"8":{"start":{"line":14,"column":18},"end":{"line":21,"column":1}},"9":{"start":{"line":15,"column":2},"end":{"line":17,"column":3}},"10":{"start":{"line":16,"column":4},"end":{"line":16,"column":24}},"11":{"start":{"line":18,"column":15},"end":{"line":18,"column":27}},"12":{"start":{"line":19,"column":16},"end":{"line":19,"column":104}},"13":{"start":{"line":19,"column":34},"end":{"line":19,"column":103}},"14":{"start":{"line":20,"column":2},"end":{"line":20,"column":35}},"15":{"start":{"line":23,"column":24},"end":{"line":53,"column":1}},"16":{"start":{"line":24,"column":15},"end":{"line":51,"column":3}},"17":{"start":{"line":25,"column":4},"end":{"line":50,"column":5}},"18":{"start":{"line":27,"column":23},"end":{"line":27,"column":75}},"19":{"start":{"line":27,"column":56},"end":{"line":27,"column":74}},"20":{"start":{"line":28,"column":8},"end":{"line":28,"column":42}},"21":{"start":{"line":31,"column":33},"end":{"line":31,"column":89}},"22":{"start":{"line":31,"column":66},"end":{"line":31,"column":88}},"23":{"start":{"line":32,"column":8},"end":{"line":32,"column":99}},"24":{"start":{"line":35,"column":8},"end":{"line":35,"column":91}},"25":{"start":{"line":38,"column":8},"end":{"line":38,"column":91}},"26":{"start":{"line":41,"column":8},"end":{"line":42,"column":90}},"27":{"start":{"line":45,"column":8},"end":{"line":45,"column":91}},"28":{"start":{"line":48,"column":8},"end":{"line":48,"column":38}},"29":{"start":{"line":52,"column":2},"end":{"line":52,"column":23}}},"fnMap":{"0":{"name":"(anonymous_0)","decl":{"start":{"line":5,"column":22},"end":{"line":5,"column":23}},"loc":{"start":{"line":5,"column":33},"end":{"line":5,"column":70}},"line":5},"1":{"name":"(anonymous_1)","decl":{"start":{"line":6,"column":20},"end":{"line":6,"column":21}},"loc":{"start":{"line":6,"column":31},"end":{"line":6,"column":77}},"line":6},"2":{"name":"(anonymous_2)","decl":{"start":{"line":8,"column":20},"end":{"line":8,"column":21}},"loc":{"start":{"line":8,"column":38},"end":{"line":12,"column":12}},"line":8},"3":{"name":"(anonymous_3)","decl":{"start":{"line":14,"column":18},"end":{"line":14,"column":19}},"loc":{"start":{"line":14,"column":35},"end":{"line":21,"column":1}},"line":14},"4":{"name":"(anonymous_4)","decl":{"start":{"line":19,"column":25},"end":{"line":19,"column":26}},"loc":{"start":{"line":19,"column":34},"end":{"line":19,"column":103}},"line":19},"5":{"name":"(anonymous_5)","decl":{"start":{"line":23,"column":24},"end":{"line":23,"column":25}},"loc":{"start":{"line":23,"column":34},"end":{"line":53,"column":1}},"line":23},"6":{"name":"(anonymous_6)","decl":{"start":{"line":24,"column":15},"end":{"line":24,"column":16}},"loc":{"start":{"line":24,"column":32},"end":{"line":51,"column":3}},"line":24},"7":{"name":"(anonymous_7)","decl":{"start":{"line":27,"column":45},"end":{"line":27,"column":46}},"loc":{"start":{"line":27,"column":56},"end":{"line":27,"column":74}},"line":27},"8":{"name":"(anonymous_8)","decl":{"start":{"line":31,"column":55},"end":{"line":31,"column":56}},"loc":{"start":{"line":31,"column":66},"end":{"line":31,"column":88}},"line":31}},"branchMap":{"0":{"loc":{"start":{"line":15,"column":2},"end":{"line":17,"column":3}},"type":"if","locations":[{"start":{"line":15,"column":2},"end":{"line":17,"column":3}},{"start":{},"end":{}}],"line":15},"1":{"loc":{"start":{"line":15,"column":6},"end":{"line":15,"column":44}},"type":"binary-expr","locations":[{"start":{"line":15,"column":7},"end":{"line":15,"column":24}},{"start":{"line":15,"column":30},"end":{"line":15,"column":43}}],"line":15},"2":{"loc":{"start":{"line":25,"column":4},"end":{"line":50,"column":5}},"type":"switch","locations":[{"start":{"line":26,"column":6},"end":{"line":29,"column":7}},{"start":{"line":30,"column":6},"end":{"line":33,"column":7}},{"start":{"line":34,"column":6},"end":{"line":36,"column":7}},{"start":{"line":37,"column":6},"end":{"line":39,"column":7}},{"start":{"line":40,"column":6},"end":{"line":43,"column":7}},{"start":{"line":44,"column":6},"end":{"line":46,"column":7}},{"start":{"line":47,"column":6},"end":{"line":49,"column":7}}],"line":25}},"s":{"0":1,"1":1,"2":1,"3":124,"4":1,"5":48,"6":1,"7":48,"8":1,"9":108,"10":80,"11":28,"12":28,"13":36,"14":28,"15":1,"16":4,"17":76,"18":4,"19":16,"20":4,"21":16,"22":56,"23":16,"24":20,"25":8,"26":16,"27":12,"28":0,"29":4},"f":{"0":124,"1":48,"2":48,"3":108,"4":36,"5":4,"6":76,"7":16,"8":56},"b":{"0":[80,28],"1":[108,28],"2":[4,16,20,8,16,12,0]},"_coverageSchema":"1a1c01bbd47fc00a2c39e90264f33305004495a9","hash":"aa70ae02af1040742f7dc8b0295da54995571b4e"}
}
