TN:
SF:__fixtures__/result.js
FNF:0
FNH:0
DA:1,1
LF:1
LH:1
BRF:0
BRH:0
end_of_record
TN:
SF:__fixtures__/resultJSON.js
FNF:0
FNH:0
DA:1,1
LF:1
LH:1
BRF:0
BRH:0
end_of_record
TN:
SF:__fixtures__/resultPlain.js
FNF:0
FNH:0
DA:1,1
LF:1
LH:1
BRF:0
BRH:0
end_of_record
TN:
SF:src/buildTree.js
FN:3,(anonymous_0)
FN:8,(anonymous_1)
FN:47,(anonymous_2)
FNF:3
FNH:3
FNDA:40,(anonymous_0)
FNDA:144,(anonymous_1)
FNDA:8,(anonymous_2)
DA:3,1
DA:4,40
DA:5,40
DA:6,40
DA:8,40
DA:9,144
DA:10,40
DA:16,104
DA:17,16
DA:23,88
DA:24,32
DA:30,56
DA:31,24
DA:37,32
DA:44,40
DA:47,8
LF:16
LH:16
BRDA:9,0,0,40
BRDA:9,0,1,104
BRDA:16,1,0,16
BRDA:16,1,1,88
BRDA:23,2,0,32
BRDA:23,2,1,56
BRDA:23,3,0,88
BRDA:23,3,1,40
BRDA:30,4,0,24
BRDA:30,4,1,32
BRF:10
BRH:10
end_of_record
TN:
SF:src/index.js
FN:7,(anonymous_0)
FN:9,(anonymous_1)
FN:11,(anonymous_2)
FN:13,(anonymous_3)
FNF:4
FNH:4
FNDA:16,(anonymous_0)
FNDA:16,(anonymous_1)
FNDA:16,(anonymous_2)
FNDA:8,(anonymous_3)
DA:7,16
DA:9,16
DA:11,16
DA:13,1
DA:14,8
DA:15,8
DA:17,8
DA:18,8
DA:20,8
LF:9
LH:9
BRDA:13,0,0,2
BRF:1
BRH:1
end_of_record
TN:
SF:src/parsers.js
FN:9,(anonymous_0)
FNF:1
FNH:1
FNDA:16,(anonymous_0)
DA:3,1
DA:9,16
LF:2
LH:2
BRF:0
BRH:0
end_of_record
TN:
SF:src/formaters/index.js
FN:4,formatter
FNF:1
FNH:1
FNDA:8,formatter
DA:5,8
DA:7,4
DA:9,2
DA:11,2
DA:13,0
LF:5
LH:4
BRDA:5,0,0,4
BRDA:5,0,1,2
BRDA:5,0,2,2
BRDA:5,0,3,0
BRF:4
BRH:3
end_of_record
TN:
SF:src/formaters/plain.js
FN:3,(anonymous_0)
FN:5,(anonymous_1)
FN:19,makePlainDiff
FN:20,(anonymous_3)
FN:20,(anonymous_4)
FN:46,makePlain
FN:48,(anonymous_6)
FNF:7
FNH:7
FNDA:36,(anonymous_0)
FNDA:26,(anonymous_1)
FNDA:2,makePlainDiff
FNDA:10,(anonymous_3)
FNDA:36,(anonymous_4)
FNDA:2,makePlain
FNDA:28,(anonymous_6)
DA:3,36
DA:5,1
DA:6,26
DA:8,8
DA:11,14
DA:14,4
DA:20,10
DA:21,36
DA:22,36
DA:24,8
DA:27,10
DA:30,4
DA:33,8
DA:36,6
DA:39,0
DA:43,2
DA:47,2
DA:48,28
LF:18
LH:17
BRDA:6,0,0,8
BRDA:6,0,1,14
BRDA:6,0,2,4
BRDA:8,1,0,2
BRDA:8,1,1,6
BRDA:22,2,0,8
BRDA:22,2,1,10
BRDA:22,2,2,4
BRDA:22,2,3,8
BRDA:22,2,4,6
BRDA:22,2,5,0
BRF:11
BRH:10
end_of_record
TN:
SF:src/formaters/stylish.js
FN:5,(anonymous_0)
FN:6,(anonymous_1)
FN:8,(anonymous_2)
FN:14,(anonymous_3)
FN:19,(anonymous_4)
FN:23,(anonymous_5)
FN:24,(anonymous_6)
FN:27,(anonymous_7)
FN:31,(anonymous_8)
FNF:9
FNH:9
FNDA:124,(anonymous_0)
FNDA:48,(anonymous_1)
FNDA:48,(anonymous_2)
FNDA:108,(anonymous_3)
FNDA:36,(anonymous_4)
FNDA:4,(anonymous_5)
FNDA:76,(anonymous_6)
FNDA:16,(anonymous_7)
FNDA:56,(anonymous_8)
DA:3,1
DA:4,1
DA:5,124
DA:6,48
DA:8,48
DA:14,1
DA:15,108
DA:16,80
DA:18,28
DA:19,36
DA:20,28
DA:23,1
DA:24,4
DA:25,76
DA:27,16
DA:28,4
DA:31,56
DA:32,16
DA:35,20
DA:38,8
DA:41,16
DA:45,12
DA:48,0
DA:52,4
LF:24
LH:23
BRDA:15,0,0,80
BRDA:15,0,1,28
BRDA:15,1,0,108
BRDA:15,1,1,28
BRDA:25,2,0,4
BRDA:25,2,1,16
BRDA:25,2,2,20
BRDA:25,2,3,8
BRDA:25,2,4,16
BRDA:25,2,5,12
BRDA:25,2,6,0
BRF:11
BRH:10
end_of_record
